<?xml version="1.0" encoding="UTF-8"?>
<!-- Generated by org.testng.reporters.JUnitXMLReporter -->
<testsuite ignored="2" hostname="MacBook-Pro-Eugene.local" failures="0" tests="1" name="Default test" time="2.155" errors="0" timestamp="2021-09-20T23:49:27 EEST">
  <testcase classname="com.herokuapp.restfulbooker.CreateBookingTests" name="createBookingWithPOJODeserializeTest" time="1.587"/>
  <testcase classname="com.herokuapp.restfulbooker.CreateBookingTests" name="createBookingTest" time="0.0">
    <ignored/>
  </testcase> <!-- createBookingTest -->
  <testcase classname="com.herokuapp.restfulbooker.CreateBookingTests" name="createBookingWithPOJOTest" time="0.0">
    <ignored/>
  </testcase> <!-- createBookingWithPOJOTest -->
</testsuite> <!-- Default test -->
