<?xml version="1.0" encoding="UTF-8"?>
<testng-results ignored="2" total="3" passed="1" failed="0" skipped="0">
  <reporter-output>
  </reporter-output>
  <suite started-at="2021-09-20T23:49:25 EEST" name="Default suite" finished-at="2021-09-20T23:49:27 EEST" duration-ms="2155">
    <groups>
    </groups>
    <test started-at="2021-09-20T23:49:25 EEST" name="Default test" finished-at="2021-09-20T23:49:27 EEST" duration-ms="2155">
      <class name="com.herokuapp.restfulbooker.CreateBookingTests">
        <test-method is-config="true" signature="setUp()[pri:0, instance:com.herokuapp.restfulbooker.CreateBookingTests@22635ba0]" started-at="2021-09-20T23:49:25 EEST" name="setUp" finished-at="2021-09-20T23:49:25 EEST" duration-ms="542" status="PASS">
          <reporter-output>
          </reporter-output>
        </test-method> <!-- setUp -->
        <test-method signature="createBookingWithPOJODeserializeTest()[pri:0, instance:com.herokuapp.restfulbooker.CreateBookingTests@22635ba0]" started-at="2021-09-20T23:49:25 EEST" name="createBookingWithPOJODeserializeTest" finished-at="2021-09-20T23:49:27 EEST" duration-ms="1587" status="PASS">
          <reporter-output>
          </reporter-output>
        </test-method> <!-- createBookingWithPOJODeserializeTest -->
      </class> <!-- com.herokuapp.restfulbooker.CreateBookingTests -->
    </test> <!-- Default test -->
  </suite> <!-- Default suite -->
</testng-results>
